<?xml version="1.0" encoding="UTF-8"?>
<!-- Generated by org.testng.reporters.JUnitReportReporter -->
<testsuite skipped="0" hostname="DESKTOP-N89TNUG" name="qaautomation.march2022.AppTest" tests="1" failures="0" timestamp="03 Apr 2022 04:32:59 GMT" time="15.852" errors="0">
  <testcase name="test" time="15.852" classname="qaautomation.march2022.AppTest"/>
</testsuite> <!-- qaautomation.march2022.AppTest -->
