<?xml version="1.0" encoding="UTF-8"?>
<!-- Generated by org.testng.reporters.JUnitReportReporter -->
<testsuite skipped="0" hostname="Alfifc" name="qaautomation.march2022.AppTestAfterRefactor" tests="3" failures="0" timestamp="22 Apr 2022 08:23:32 GMT" time="30.832" errors="0">
  <testcase name="test" time="6.860" classname="qaautomation.march2022.AppTestAfterRefactor"/>
  <testcase name="test2" time="10.380" classname="qaautomation.march2022.AppTestAfterRefactor"/>
  <testcase name="test3" time="13.592" classname="qaautomation.march2022.AppTestAfterRefactor"/>
</testsuite> <!-- qaautomation.march2022.AppTestAfterRefactor -->
