<?xml version="1.0" encoding="UTF-8"?>
<!-- Generated by org.testng.reporters.JUnitReportReporter -->
<testsuite skipped="0" hostname="Alfifc" name="qaautomation.march2022.AppTestAfterRefactor" tests="3" failures="0" timestamp="09 May 2022 07:16:06 GMT" time="96.686" errors="0">
  <testcase name="test3" time="24.777" classname="qaautomation.march2022.AppTestAfterRefactor"/>
  <testcase name="test" time="36.934" classname="qaautomation.march2022.AppTestAfterRefactor"/>
  <testcase name="test2" time="34.975" classname="qaautomation.march2022.AppTestAfterRefactor"/>
</testsuite> <!-- qaautomation.march2022.AppTestAfterRefactor -->
