<?xml version="1.0" encoding="UTF-8"?>
<!-- Generated by org.testng.reporters.JUnitReportReporter -->
<testsuite skipped="0" hostname="Alfifc" name="qaautomation.march2022.AppTest" tests="1" failures="0" timestamp="16 Apr 2022 06:50:22 GMT" time="8.907" errors="0">
  <testcase name="test" time="8.907" classname="qaautomation.march2022.AppTest"/>
</testsuite> <!-- qaautomation.march2022.AppTest -->
