<?xml version="1.0" encoding="UTF-8"?>
<!-- Generated by org.testng.reporters.JUnitReportReporter -->
<testsuite skipped="0" hostname="Alfifc" name="qaautomation.march2022.APITestAfterRefactor" tests="3" failures="0" timestamp="09 May 2022 07:16:45 GMT" time="13.633" errors="0">
  <testcase name="testDashboardAPI" time="4.310" classname="qaautomation.march2022.APITestAfterRefactor"/>
  <testcase name="testDashboardWithoutToken" time="3.055" classname="qaautomation.march2022.APITestAfterRefactor"/>
  <testcase name="testDashboardWithoutParam" time="6.268" classname="qaautomation.march2022.APITestAfterRefactor"/>
</testsuite> <!-- qaautomation.march2022.APITestAfterRefactor -->
