<?xml version="1.0" encoding="UTF-8"?>
<!-- Generated by org.testng.reporters.JUnitReportReporter -->
<testsuite skipped="0" hostname="Alfifc" name="qaautomation.march2022.AppTestAfterPageFactory" tests="4" failures="0" timestamp="16 Apr 2022 06:50:22 GMT" time="47.242" errors="0">
  <testcase name="loginToWebAndSuccess" time="13.718" classname="qaautomation.march2022.AppTestAfterPageFactory"/>
  <testcase name="loginInvalidPassword" time="11.858" classname="qaautomation.march2022.AppTestAfterPageFactory"/>
  <testcase name="loginToWebNotClickingLoginButton" time="6.076" classname="qaautomation.march2022.AppTestAfterPageFactory"/>
  <testcase name="loginInvalidUsername" time="15.590" classname="qaautomation.march2022.AppTestAfterPageFactory"/>
</testsuite> <!-- qaautomation.march2022.AppTestAfterPageFactory -->
