<?xml version="1.0" encoding="UTF-8"?>
<!-- Generated by org.testng.reporters.JUnitReportReporter -->
<testsuite skipped="0" hostname="Alfifc" name="qaautomation.march2022.CommonPageTest" tests="2" failures="0" timestamp="16 Apr 2022 05:41:48 GMT" time="33.680" errors="0">
  <testcase name="testSwitching" time="12.124" classname="qaautomation.march2022.CommonPageTest"/>
  <testcase name="testScroll" time="21.556" classname="qaautomation.march2022.CommonPageTest"/>
</testsuite> <!-- qaautomation.march2022.CommonPageTest -->
