<?xml version="1.0" encoding="UTF-8"?>
<!-- Generated by org.testng.reporters.JUnitReportReporter -->
<testsuite skipped="0" hostname="Alfifc" name="qaautomation.march2022.AppTestAfterPomFactory" tests="4" failures="0" timestamp="16 Apr 2022 05:27:26 GMT" time="32.654" errors="0">
  <testcase name="loginInvalidPassword" time="8.347" classname="qaautomation.march2022.AppTestAfterPomFactory"/>
  <testcase name="loginToWebAndSuccess" time="9.266" classname="qaautomation.march2022.AppTestAfterPomFactory"/>
  <testcase name="loginInvalidUsername" time="8.245" classname="qaautomation.march2022.AppTestAfterPomFactory"/>
  <testcase name="loginToWebNotClickingLoginButton" time="6.796" classname="qaautomation.march2022.AppTestAfterPomFactory"/>
</testsuite> <!-- qaautomation.march2022.AppTestAfterPomFactory -->
