<?xml version="1.0" encoding="UTF-8"?>
<!-- Generated by org.testng.reporters.JUnitReportReporter -->
<testsuite skipped="0" hostname="Alfifc" name="qaautomation.march2022.APITestAfterRefactor" tests="3" failures="0" timestamp="20 Apr 2022 09:51:46 GMT" time="14.620" errors="0">
  <testcase name="testDashboardAPI" time="3.940" classname="qaautomation.march2022.APITestAfterRefactor"/>
  <testcase name="testDashboardWithoutToken" time="5.968" classname="qaautomation.march2022.APITestAfterRefactor"/>
  <testcase name="testDashboardWithoutParam" time="4.712" classname="qaautomation.march2022.APITestAfterRefactor"/>
</testsuite> <!-- qaautomation.march2022.APITestAfterRefactor -->
