<?xml version="1.0" encoding="UTF-8"?>
<!-- Generated by org.testng.reporters.JUnitReportReporter -->
<testsuite skipped="0" hostname="Alfifc" name="qaautomation.march2022.AppTest" tests="1" failures="0" timestamp="09 May 2022 07:16:06 GMT" time="20.527" errors="0">
  <testcase name="test" time="20.527" classname="qaautomation.march2022.AppTest"/>
</testsuite> <!-- qaautomation.march2022.AppTest -->
