<?xml version="1.0" encoding="UTF-8"?>
<!-- Generated by org.testng.reporters.JUnitReportReporter -->
<testsuite skipped="0" hostname="Alfifc" name="qaautomation.march2022.AppTestAfterPom" tests="3" failures="0" timestamp="09 May 2022 07:16:06 GMT" time="51.021" errors="0">
  <testcase name="loginToWebNotClickingLoginButton" time="9.125" classname="qaautomation.march2022.AppTestAfterPom"/>
  <testcase name="loginInvalidUsername" time="20.843" classname="qaautomation.march2022.AppTestAfterPom"/>
  <testcase name="loginToWebAndSuccess" time="21.053" classname="qaautomation.march2022.AppTestAfterPom"/>
</testsuite> <!-- qaautomation.march2022.AppTestAfterPom -->
