<?xml version="1.0" encoding="UTF-8"?>
<!-- Generated by org.testng.reporters.JUnitReportReporter -->
<testsuite skipped="0" hostname="DESKTOP-N89TNUG" name="qaautomation.march2022.AppTestAfterPom" tests="3" failures="0" timestamp="03 Apr 2022 03:26:08 GMT" time="24.995" errors="0">
  <testcase name="test2" time="9.841" classname="qaautomation.march2022.AppTestAfterPom"/>
  <testcase name="test" time="8.985" classname="qaautomation.march2022.AppTestAfterPom"/>
  <testcase name="test3" time="6.169" classname="qaautomation.march2022.AppTestAfterPom"/>
</testsuite> <!-- qaautomation.march2022.AppTestAfterPom -->
