<?xml version="1.0" encoding="UTF-8"?>
<!-- Generated by org.testng.reporters.JUnitReportReporter -->
<testsuite skipped="0" hostname="Alfifc" name="qaautomation.march2022.DashboardAPI" tests="3" failures="0" timestamp="20 Apr 2022 09:54:50 GMT" time="15.869" errors="0">
  <testcase name="testDashboardWithoutToken" time="6.056" classname="qaautomation.march2022.DashboardAPI"/>
  <testcase name="testDashboardWithoutParam" time="5.811" classname="qaautomation.march2022.DashboardAPI"/>
  <testcase name="testDashboardAPI" time="4.002" classname="qaautomation.march2022.DashboardAPI"/>
</testsuite> <!-- qaautomation.march2022.DashboardAPI -->
