<?xml version="1.0" encoding="UTF-8"?>
<!-- Generated by org.testng.reporters.JUnitReportReporter -->
<testsuite skipped="0" hostname="Alfifc" name="qaautomation.march2022.AppTestAfterFactory" tests="4" failures="0" timestamp="16 Apr 2022 06:03:28 GMT" time="35.603" errors="0">
  <testcase name="loginInvalidPassword" time="5.995" classname="qaautomation.march2022.AppTestAfterFactory"/>
  <testcase name="loginToWebAndSuccess" time="12.271" classname="qaautomation.march2022.AppTestAfterFactory"/>
  <testcase name="loginToWebNotClickingLoginButton" time="6.573" classname="qaautomation.march2022.AppTestAfterFactory"/>
  <testcase name="loginInvalidUsername" time="10.764" classname="qaautomation.march2022.AppTestAfterFactory"/>
</testsuite> <!-- qaautomation.march2022.AppTestAfterFactory -->
