<?xml version="1.0" encoding="UTF-8"?>
<!-- Generated by org.testng.reporters.JUnitReportReporter -->
<testsuite skipped="0" hostname="Alfifc" name="qaautomation.march2022.APITest" tests="2" failures="0" timestamp="22 Apr 2022 08:21:59 GMT" time="7.181" errors="0">
  <testcase name="testLoginAPI" time="4.735" classname="qaautomation.march2022.APITest"/>
  <testcase name="testDashboardAPI" time="2.446" classname="qaautomation.march2022.APITest"/>
</testsuite> <!-- qaautomation.march2022.APITest -->
