<?xml version="1.0" encoding="UTF-8"?>
<!-- Generated by org.testng.reporters.JUnitReportReporter -->
<testsuite skipped="0" hostname="Alfifc" name="qaautomation.march2022.TugasEmpat" tests="1" failures="0" timestamp="09 May 2022 05:00:34 GMT" time="8.418" errors="0">
  <testcase name="testSwitchingIframe" time="8.418" classname="qaautomation.march2022.TugasEmpat"/>
</testsuite> <!-- qaautomation.march2022.TugasEmpat -->
