<?xml version="1.0" encoding="UTF-8"?>
<!-- Generated by org.testng.reporters.JUnitReportReporter -->
<testsuite skipped="0" hostname="Alfifc" name="qaautomation.march2022.AppTestAfterPageFactory" tests="4" failures="0" timestamp="09 May 2022 07:16:06 GMT" time="41.266" errors="0">
  <testcase name="loginInvalidPassword" time="8.659" classname="qaautomation.march2022.AppTestAfterPageFactory"/>
  <testcase name="loginToWebAndSuccess" time="10.051" classname="qaautomation.march2022.AppTestAfterPageFactory"/>
  <testcase name="loginToWebNotClickingLoginButton" time="11.298" classname="qaautomation.march2022.AppTestAfterPageFactory"/>
  <testcase name="loginInvalidUsername" time="11.258" classname="qaautomation.march2022.AppTestAfterPageFactory"/>
</testsuite> <!-- qaautomation.march2022.AppTestAfterPageFactory -->
