<?xml version="1.0" encoding="UTF-8"?>
<!-- Generated by org.testng.reporters.JUnitReportReporter -->
<testsuite skipped="0" hostname="Alfifc" name="qaautomation.march2022.GraphQLTest" tests="2" failures="0" timestamp="16 Apr 2022 09:38:31 GMT" time="5.595" errors="0">
  <testcase name="checkCEO" time="4.184" classname="qaautomation.march2022.GraphQLTest"/>
  <testcase name="launchRocketWithVariable" time="1.411" classname="qaautomation.march2022.GraphQLTest"/>
</testsuite> <!-- qaautomation.march2022.GraphQLTest -->
