<?xml version="1.0" encoding="UTF-8"?>
<!-- Generated by org.testng.reporters.JUnitReportReporter -->
<testsuite skipped="0" hostname="Alfifc" name="qaautomation.march2022.APITestTugasLima" tests="2" failures="0" timestamp="09 May 2022 05:03:32 GMT" time="10.953" errors="0">
  <testcase name="testSuccessRegisterAPI" time="9.586" classname="qaautomation.march2022.APITestTugasLima"/>
  <testcase name="testRegisterAlreadyRegistered" time="1.367" classname="qaautomation.march2022.APITestTugasLima"/>
</testsuite> <!-- qaautomation.march2022.APITestTugasLima -->
