<?xml version="1.0" encoding="UTF-8"?>
<!-- Generated by org.testng.reporters.JUnitReportReporter -->
<testsuite skipped="0" hostname="DESKTOP-N89TNUG" name="qaautomation.march2022.CommonPageTest" tests="1" failures="0" timestamp="03 Apr 2022 03:58:18 GMT" time="14.718" errors="0">
  <testcase name="testSwitching" time="14.718" classname="qaautomation.march2022.CommonPageTest"/>
</testsuite> <!-- qaautomation.march2022.CommonPageTest -->
