<?xml version="1.0" encoding="UTF-8"?>
<!-- Generated by org.testng.reporters.JUnitReportReporter -->
<testsuite skipped="0" hostname="Alfifc" name="qaautomation.march2022.APITest" tests="2" failures="0" timestamp="09 May 2022 07:16:45 GMT" time="5.610" errors="0">
  <testcase name="testLoginAPI" time="3.682" classname="qaautomation.march2022.APITest"/>
  <testcase name="testDashboardAPI" time="1.928" classname="qaautomation.march2022.APITest"/>
</testsuite> <!-- qaautomation.march2022.APITest -->
