<?xml version="1.0" encoding="UTF-8"?>
<!-- Generated by org.testng.reporters.JUnitReportReporter -->
<testsuite skipped="0" hostname="Alfifc" name="qaautomation.march2022.APITest" tests="2" failures="0" timestamp="20 Apr 2022 17:07:14 GMT" time="8.035" errors="0">
  <testcase name="testLoginAPI" time="6.325" classname="qaautomation.march2022.APITest"/>
  <testcase name="testDashboardAPI" time="1.710" classname="qaautomation.march2022.APITest"/>
</testsuite> <!-- qaautomation.march2022.APITest -->
