<?xml version="1.0" encoding="UTF-8"?>
<!-- Generated by org.testng.reporters.JUnitReportReporter -->
<testsuite skipped="0" hostname="Alfifc" name="qaautomation.march2022.AppTestAfterFactoryHeadless" tests="4" failures="0" timestamp="16 Apr 2022 06:04:46 GMT" time="28.331" errors="0">
  <testcase name="loginInvalidPassword" time="5.764" classname="qaautomation.march2022.AppTestAfterFactoryHeadless"/>
  <testcase name="loginToWebAndSuccess" time="6.743" classname="qaautomation.march2022.AppTestAfterFactoryHeadless"/>
  <testcase name="loginInvalidUsername" time="6.450" classname="qaautomation.march2022.AppTestAfterFactoryHeadless"/>
  <testcase name="loginToWebNotClickingLoginButton" time="9.374" classname="qaautomation.march2022.AppTestAfterFactoryHeadless"/>
</testsuite> <!-- qaautomation.march2022.AppTestAfterFactoryHeadless -->
