<?xml version="1.0" encoding="UTF-8"?>
<!-- Generated by org.testng.reporters.JUnitReportReporter -->
<testsuite skipped="0" hostname="DESKTOP-N89TNUG" name="qaautomation.march2022.GraphQLTest" tests="1" failures="0" timestamp="10 Apr 2022 02:38:59 GMT" time="3.776" errors="0">
  <testcase name="checkCEO" time="3.776" classname="qaautomation.march2022.GraphQLTest"/>
</testsuite> <!-- qaautomation.march2022.GraphQLTest -->
