<?xml version="1.0" encoding="UTF-8"?>
<!-- Generated by org.testng.reporters.JUnitReportReporter -->
<testsuite skipped="0" hostname="Alfifc" name="qaautomation.march2022.APITestAfterRefactor" tests="3" failures="0" timestamp="22 Apr 2022 08:21:59 GMT" time="13.428" errors="0">
  <testcase name="testDashboardAPI" time="6.502" classname="qaautomation.march2022.APITestAfterRefactor"/>
  <testcase name="testDashboardWithoutToken" time="3.351" classname="qaautomation.march2022.APITestAfterRefactor"/>
  <testcase name="testDashboardWithoutParam" time="3.575" classname="qaautomation.march2022.APITestAfterRefactor"/>
</testsuite> <!-- qaautomation.march2022.APITestAfterRefactor -->
