<?xml version="1.0" encoding="UTF-8"?>
<!-- Generated by org.testng.reporters.JUnitReportReporter -->
<testsuite skipped="0" hostname="Alfifc" name="qaautomation.march2022.AppTest" tests="1" failures="0" timestamp="22 Apr 2022 08:23:32 GMT" time="5.888" errors="0">
  <testcase name="test" time="5.888" classname="qaautomation.march2022.AppTest"/>
</testsuite> <!-- qaautomation.march2022.AppTest -->
