<?xml version="1.0" encoding="UTF-8"?>
<!-- Generated by org.testng.reporters.JUnitReportReporter -->
<testsuite skipped="0" hostname="Alfifc" name="qaautomation.march2022.AppTestAfterPom" tests="3" failures="0" timestamp="22 Apr 2022 08:23:32 GMT" time="22.294" errors="0">
  <testcase name="loginToWebAndSuccess" time="8.062" classname="qaautomation.march2022.AppTestAfterPom"/>
  <testcase name="loginInvalidUsername" time="6.222" classname="qaautomation.march2022.AppTestAfterPom"/>
  <testcase name="loginToWebNotClickingLoginButton" time="8.010" classname="qaautomation.march2022.AppTestAfterPom"/>
</testsuite> <!-- qaautomation.march2022.AppTestAfterPom -->
