<?xml version="1.0" encoding="UTF-8"?>
<!-- Generated by org.testng.reporters.JUnitReportReporter -->
<testsuite skipped="0" hostname="Alfifc" name="qaautomation.march2022.AppTestAfterPom" tests="3" failures="0" timestamp="16 Apr 2022 06:50:22 GMT" time="25.862" errors="0">
  <testcase name="loginToWebNotClickingLoginButton" time="9.720" classname="qaautomation.march2022.AppTestAfterPom"/>
  <testcase name="loginInvalidUsername" time="6.191" classname="qaautomation.march2022.AppTestAfterPom"/>
  <testcase name="loginToWebAndSuccess" time="9.951" classname="qaautomation.march2022.AppTestAfterPom"/>
</testsuite> <!-- qaautomation.march2022.AppTestAfterPom -->
