<?xml version="1.0" encoding="UTF-8"?>
<!-- Generated by org.testng.reporters.JUnitReportReporter -->
<testsuite skipped="0" hostname="Alfifc" name="qaautomation.march2022.AppTestAfterRefactor" tests="3" failures="0" timestamp="16 Apr 2022 06:50:22 GMT" time="35.442" errors="0">
  <testcase name="test2" time="7.540" classname="qaautomation.march2022.AppTestAfterRefactor"/>
  <testcase name="test3" time="13.764" classname="qaautomation.march2022.AppTestAfterRefactor"/>
  <testcase name="test" time="14.138" classname="qaautomation.march2022.AppTestAfterRefactor"/>
</testsuite> <!-- qaautomation.march2022.AppTestAfterRefactor -->
