<?xml version="1.0" encoding="UTF-8"?>
<!-- Generated by org.testng.reporters.JUnitReportReporter -->
<testsuite skipped="0" hostname="Alfifc" name="qaautomation.march2022.AppTestAfterPageFactory" tests="4" failures="0" timestamp="22 Apr 2022 08:23:32 GMT" time="43.079" errors="0">
  <testcase name="loginInvalidPassword" time="13.757" classname="qaautomation.march2022.AppTestAfterPageFactory"/>
  <testcase name="loginToWebAndSuccess" time="9.071" classname="qaautomation.march2022.AppTestAfterPageFactory"/>
  <testcase name="loginInvalidUsername" time="12.695" classname="qaautomation.march2022.AppTestAfterPageFactory"/>
  <testcase name="loginToWebNotClickingLoginButton" time="7.556" classname="qaautomation.march2022.AppTestAfterPageFactory"/>
</testsuite> <!-- qaautomation.march2022.AppTestAfterPageFactory -->
